#
# There is insufficient memory for the Java Runtime Environment to continue.
# Native memory allocation (malloc) failed to allocate 1365296 bytes for Chunk::new
# Possible reasons:
#   The system is out of physical RAM or swap space
#   In 32 bit mode, the process size limit was hit
# Possible solutions:
#   Reduce memory load on the system
#   Increase physical memory or swap space
#   Check if swap backing store is full
#   Use 64 bit Java on a 64 bit OS
#   Decrease Java heap size (-Xmx/-Xms)
#   Decrease number of Java threads
#   Decrease Java thread stack sizes (-Xss)
#   Set larger code cache with -XX:ReservedCodeCacheSize=
# This output file may be truncated or incomplete.
#
#  Out of Memory Error (allocation.cpp:390), pid=15652, tid=0x0000000000003f10
#
# JRE version: Java(TM) SE Runtime Environment (8.0_76-b04) (build 1.8.0_76-ea-b04)
# Java VM: Java HotSpot(TM) 64-Bit Server VM (25.76-b04 mixed mode windows-amd64 compressed oops)
# Failed to write core dump. Minidumps are not enabled by default on client versions of Windows
#

---------------  T H R E A D  ---------------

Current thread (0x0000000017961800):  JavaThread "C2 CompilerThread2" daemon [_thread_in_native, id=16144, stack(0x00000000181d0000,0x00000000182d0000)]

Stack: [0x00000000181d0000,0x00000000182d0000]
[error occurred during error reporting (printing stack bounds), id 0xc0000005]

Native frames: (J=compiled Java code, j=interpreted, Vv=VM code, C=native code)


Current CompileTask:
C2:   3195 1625   !   4       com.android.dx.cf.code.BytecodeArray::parseInstruction (2764 bytes)


---------------  P R O C E S S  ---------------

Java Threads: ( => current thread )
  0x00000000179c6000 JavaThread "Service Thread" daemon [_thread_blocked, id=15796, stack(0x00000000183d0000,0x00000000184d0000)]
  0x0000000017964800 JavaThread "C1 CompilerThread3" daemon [_thread_blocked, id=14748, stack(0x00000000182d0000,0x00000000183d0000)]
=>0x0000000017961800 JavaThread "C2 CompilerThread2" daemon [_thread_in_native, id=16144, stack(0x00000000181d0000,0x00000000182d0000)]
  0x000000001795b000 JavaThread "C2 CompilerThread1" daemon [_thread_in_native, id=13560, stack(0x00000000180d0000,0x00000000181d0000)]
  0x0000000017954800 JavaThread "C2 CompilerThread0" daemon [_thread_blocked, id=13424, stack(0x0000000017fd0000,0x00000000180d0000)]
  0x0000000017951800 JavaThread "Attach Listener" daemon [_thread_blocked, id=14408, stack(0x0000000017ed0000,0x0000000017fd0000)]
  0x0000000017905000 JavaThread "Signal Dispatcher" daemon [_thread_blocked, id=13644, stack(0x0000000017dd0000,0x0000000017ed0000)]
  0x0000000002ed8000 JavaThread "Finalizer" daemon [_thread_blocked, id=16056, stack(0x0000000017cd0000,0x0000000017dd0000)]
  0x00000000159fc800 JavaThread "Reference Handler" daemon [_thread_blocked, id=14580, stack(0x00000000177d0000,0x00000000178d0000)]
  0x0000000002de1000 JavaThread "main" [_thread_in_Java, id=15904, stack(0x0000000002b00000,0x0000000002c00000)]

Other Threads:
  0x00000000159f8800 VMThread [stack: 0x00000000176d0000,0x00000000177d0000] [id=15580]
  0x0000000017a4e000 WatcherThread [stack: 0x00000000184d0000,0x00000000185d0000] [id=4720]

VM state:not at safepoint (normal execution)

VM Mutex/Monitor currently owned by a thread: None

Heap:
 PSYoungGen      total 76288K, used 66898K [0x00000000eab00000, 0x00000000f0000000, 0x0000000100000000)
  eden space 65536K, 85% used [0x00000000eab00000,0x00000000ee1d6840,0x00000000eeb00000)
  from space 10752K, 99% used [0x00000000eeb00000,0x00000000ef57e378,0x00000000ef580000)
  to   space 10752K, 0% used [0x00000000ef580000,0x00000000ef580000,0x00000000f0000000)
 ParOldGen       total 175104K, used 1193K [0x00000000c0000000, 0x00000000cab00000, 0x00000000eab00000)
  object space 175104K, 0% used [0x00000000c0000000,0x00000000c012a568,0x00000000cab00000)
 Metaspace       used 6562K, capacity 7348K, committed 7552K, reserved 1056768K
  class space    used 617K, capacity 620K, committed 640K, reserved 1048576K

Card table byte_map: [0x00000000122a0000,0x00000000124b0000] byte_map_base: 0x0000000011ca0000

Marking Bits: (ParMarkBitMap*) 0x000000007587ca20
 Begin Bits: [0x0000000012e10000, 0x0000000013e10000)
 End Bits:   [0x0000000013e10000, 0x0000000014e10000)

Polling page: 0x0000000000ff0000

CodeCache: size=245760Kb used=8014Kb max_used=8026Kb free=237745Kb
 bounds [0x0000000002ee0000, 0x00000000036d0000, 0x0000000011ee0000]
 total_blobs=2260 nmethods=1987 adapters=184
 compilation: disabled (not enough contiguous free space left)

Compilation events (10 events):
Event: 3.132 Thread 0x0000000017964800 nmethod 1989 0x00000000036a0310 code [0x00000000036a0480, 0x00000000036a07f8]
Event: 3.132 Thread 0x0000000017964800 1990       3       com.android.dx.rop.code.RegisterSpecList::withOffset (76 bytes)
Event: 3.133 Thread 0x0000000017964800 nmethod 1990 0x00000000036a5090 code [0x00000000036a5300, 0x00000000036a6538]
Event: 3.133 Thread 0x0000000017964800 1991       3       com.android.dx.dex.code.SimpleInsn::<init> (8 bytes)
Event: 3.133 Thread 0x0000000017964800 nmethod 1991 0x00000000036a1410 code [0x00000000036a1580, 0x00000000036a1768]
Event: 3.133 Thread 0x0000000017964800 1993       1       com.android.dx.dex.code.CodeAddress::getBindsClosely (5 bytes)
Event: 3.133 Thread 0x0000000017964800 nmethod 1993 0x00000000036a1150 code [0x00000000036a12a0, 0x00000000036a13b0]
Event: 3.133 Thread 0x0000000017964800 1992       3       com.android.dx.dex.code.CstInsn::withRegisters (53 bytes)
Event: 3.134 Thread 0x0000000017964800 nmethod 1992 0x00000000036a4910 code [0x00000000036a4aa0, 0x00000000036a4fa8]
Event: 3.134 Thread 0x0000000017964800 1994       3       com.android.dx.dex.code.LocalList$MakeState::startLocal (266 bytes)

GC Heap History (2 events):
Event: 2.378 GC heap before
{Heap before GC invocations=1 (full 0):
 PSYoungGen      total 76288K, used 65536K [0x00000000eab00000, 0x00000000f0000000, 0x0000000100000000)
  eden space 65536K, 100% used [0x00000000eab00000,0x00000000eeb00000,0x00000000eeb00000)
  from space 10752K, 0% used [0x00000000ef580000,0x00000000ef580000,0x00000000f0000000)
  to   space 10752K, 0% used [0x00000000eeb00000,0x00000000eeb00000,0x00000000ef580000)
 ParOldGen       total 175104K, used 0K [0x00000000c0000000, 0x00000000cab00000, 0x00000000eab00000)
  object space 175104K, 0% used [0x00000000c0000000,0x00000000c0000000,0x00000000cab00000)
 Metaspace       used 6184K, capacity 7088K, committed 7296K, reserved 1056768K
  class space    used 598K, capacity 616K, committed 640K, reserved 1048576K
Event: 2.393 GC heap after
Heap after GC invocations=1 (full 0):
 PSYoungGen      total 76288K, used 10744K [0x00000000eab00000, 0x00000000f0000000, 0x0000000100000000)
  eden space 65536K, 0% used [0x00000000eab00000,0x00000000eab00000,0x00000000eeb00000)
  from space 10752K, 99% used [0x00000000eeb00000,0x00000000ef57e378,0x00000000ef580000)
  to   space 10752K, 0% used [0x00000000ef580000,0x00000000ef580000,0x00000000f0000000)
 ParOldGen       total 175104K, used 1193K [0x00000000c0000000, 0x00000000cab00000, 0x00000000eab00000)
  object space 175104K, 0% used [0x00000000c0000000,0x00000000c012a568,0x00000000cab00000)
 Metaspace       used 6184K, capacity 7088K, committed 7296K, reserved 1056768K
  class space    used 598K, capacity 616K, committed 640K, reserved 1048576K
}

Deoptimization events (10 events):
Event: 2.801 Thread 0x0000000002de1000 Uncommon trap: reason=bimorphic action=maybe_recompile pc=0x000000000362fbe8 method=java.util.HashMap.putVal(ILjava/lang/Object;Ljava/lang/Object;ZZ)Ljava/lang/Object; @ 203
Event: 3.033 Thread 0x0000000002de1000 Uncommon trap: reason=speculate_class_check action=maybe_recompile pc=0x00000000031a8a38 method=com.android.dx.util.FixedSizeList.equals(Ljava/lang/Object;)Z @ 25
Event: 3.033 Thread 0x0000000002de1000 Uncommon trap: reason=class_check action=maybe_recompile pc=0x000000000319187c method=java.util.Arrays.equals([Ljava/lang/Object;[Ljava/lang/Object;)Z @ 62
Event: 3.033 Thread 0x0000000002de1000 Uncommon trap: reason=speculate_class_check action=maybe_recompile pc=0x00000000031a8a38 method=com.android.dx.util.FixedSizeList.equals(Ljava/lang/Object;)Z @ 25
Event: 3.033 Thread 0x0000000002de1000 Uncommon trap: reason=class_check action=maybe_recompile pc=0x000000000319187c method=java.util.Arrays.equals([Ljava/lang/Object;[Ljava/lang/Object;)Z @ 62
Event: 3.033 Thread 0x0000000002de1000 Uncommon trap: reason=speculate_class_check action=maybe_recompile pc=0x00000000031a8a38 method=com.android.dx.util.FixedSizeList.equals(Ljava/lang/Object;)Z @ 25
Event: 3.033 Thread 0x0000000002de1000 Uncommon trap: reason=class_check action=maybe_recompile pc=0x000000000319187c method=java.util.Arrays.equals([Ljava/lang/Object;[Ljava/lang/Object;)Z @ 62
Event: 3.033 Thread 0x0000000002de1000 Uncommon trap: reason=speculate_class_check action=maybe_recompile pc=0x00000000031a8a38 method=com.android.dx.util.FixedSizeList.equals(Ljava/lang/Object;)Z @ 25
Event: 3.033 Thread 0x0000000002de1000 Uncommon trap: reason=class_check action=maybe_recompile pc=0x000000000319187c method=java.util.Arrays.equals([Ljava/lang/Object;[Ljava/lang/Object;)Z @ 62
Event: 3.059 Thread 0x0000000002de1000 Uncommon trap: reason=unstable_if action=reinterpret pc=0x00000000036887c0 method=com.android.dx.dex.code.OutputFinisher.findOpcodeForInsn(Lcom/android/dx/dex/code/DalvInsn;Lcom/android/dx/dex/code/Dop;)Lcom/android/dx/dex/code/Dop; @ 1

Internal exceptions (3 events):
Event: 0.782 Thread 0x0000000002de1000 Exception <a 'java/lang/NoSuchMethodError': Method sun.misc.Unsafe.defineClass(Ljava/lang/String;[BII)Ljava/lang/Class; name or signature does not match> (0x00000000eab07cc0) thrown at [D:\re\workspace\8-2-build-windows-amd64-cygwin\jdk8u76\6038.nc\hotspot wΨι?
Event: 0.782 Thread 0x0000000002de1000 Exception <a 'java/lang/NoSuchMethodError': Method sun.misc.Unsafe.prefetchRead(Ljava/lang/Object;J)V name or signature does not match> (0x00000000eab07fa8) thrown at [D:\re\workspace\8-2-build-windows-amd64-cygwin\jdk8u76\6038.nc\hotspot\src\share\vm\primB8ογό?
Event: 1.789 Thread 0x0000000017bee000 Implicit null exception at 0x000000000318aa62 to 0x000000000318ab5a

Events (10 events):
Event: 3.034 loading class com/android/dx/util/ByteArrayAnnotatedOutput done
Event: 3.059 Thread 0x0000000002de1000 Uncommon trap: trap_request=0xffffff65 fr.pc=0x00000000036887c0
Event: 3.059 Thread 0x0000000002de1000 DEOPT PACKING pc=0x00000000036887c0 sp=0x0000000002bfed20
Event: 3.059 Thread 0x0000000002de1000 DEOPT UNPACKING pc=0x0000000002f2582a sp=0x0000000002bfecd8 mode 2
Event: 3.059 loading class com/android/dx/rop/code/RegisterSpecList$Expander
Event: 3.059 loading class com/android/dx/rop/code/RegisterSpecList$Expander done
Event: 3.080 loading class com/android/dx/rop/code/RegisterSpec$1
Event: 3.080 loading class com/android/dx/rop/code/RegisterSpec$1 done
Event: 3.083 Executing VM operation: ForceSafepoint
Event: 3.084 Executing VM operation: ForceSafepoint done


Dynamic libraries:
0x00007ff68efb0000 - 0x00007ff68efe7000 	C:\Program Files\Java\jdk1.8.0_76\bin\java.exe
0x00007ffbf8980000 - 0x00007ffbf8b51000 	C:\WINDOWS\SYSTEM32\ntdll.dll
0x00007ffbf7630000 - 0x00007ffbf76db000 	C:\WINDOWS\System32\KERNEL32.DLL
0x00007ffbf55b0000 - 0x00007ffbf57cd000 	C:\WINDOWS\System32\KERNELBASE.dll
0x00007ffbf7790000 - 0x00007ffbf7832000 	C:\WINDOWS\System32\ADVAPI32.dll
0x00007ffbf76f0000 - 0x00007ffbf778e000 	C:\WINDOWS\System32\msvcrt.dll
0x00007ffbf8130000 - 0x00007ffbf8189000 	C:\WINDOWS\System32\sechost.dll
0x00007ffbf86f0000 - 0x00007ffbf8811000 	C:\WINDOWS\System32\RPCRT4.dll
0x00007ffbf7dc0000 - 0x00007ffbf7f25000 	C:\WINDOWS\System32\USER32.dll
0x00007ffbf5b70000 - 0x00007ffbf5b8e000 	C:\WINDOWS\System32\win32u.dll
0x00007ffbf7c70000 - 0x00007ffbf7ca4000 	C:\WINDOWS\System32\GDI32.dll
0x00007ffbf4d40000 - 0x00007ffbf4ec2000 	C:\WINDOWS\System32\gdi32full.dll
0x00007ffbe9650000 - 0x00007ffbe98c9000 	C:\WINDOWS\WinSxS\amd64_microsoft.windows.common-controls_6595b64144ccf1df_6.0.14393.447_none_42191651c6827bb3\COMCTL32.dll
0x00007ffbf7840000 - 0x00007ffbf7b08000 	C:\WINDOWS\System32\combase.dll
0x00007ffbf59a0000 - 0x00007ffbf5a95000 	C:\WINDOWS\System32\ucrtbase.dll
0x00007ffbf5b00000 - 0x00007ffbf5b6a000 	C:\WINDOWS\System32\bcryptPrimitives.dll
0x00007ffbf75a0000 - 0x00007ffbf75ce000 	C:\WINDOWS\System32\IMM32.DLL
0x00000000767e0000 - 0x00000000768b2000 	C:\Program Files\Java\jdk1.8.0_76\jre\bin\msvcr100.dll
0x0000000075070000 - 0x00000000758fb000 	C:\Program Files\Java\jdk1.8.0_76\jre\bin\server\jvm.dll
0x00007ffbf4c20000 - 0x00007ffbf4c43000 	C:\WINDOWS\System32\WINMM.dll
0x00007ffbf4bb0000 - 0x00007ffbf4bdb000 	C:\WINDOWS\System32\WINMMBASE.dll
0x00007ffbf4c50000 - 0x00007ffbf4c92000 	C:\WINDOWS\System32\cfgmgr32.dll
0x00007ffbf7ba0000 - 0x00007ffbf7ba8000 	C:\WINDOWS\System32\PSAPI.DLL
0x00007ffbf0ed0000 - 0x00007ffbf0ed9000 	C:\WINDOWS\SYSTEM32\WSOCK32.dll
0x00007ffbf8680000 - 0x00007ffbf86ea000 	C:\WINDOWS\System32\WS2_32.dll
0x00007ffbf3940000 - 0x00007ffbf394a000 	C:\WINDOWS\SYSTEM32\VERSION.dll
0x00000000767d0000 - 0x00000000767df000 	C:\Program Files\Java\jdk1.8.0_76\jre\bin\verify.dll
0x00000000767a0000 - 0x00000000767c9000 	C:\Program Files\Java\jdk1.8.0_76\jre\bin\java.dll
0x0000000076780000 - 0x0000000076796000 	C:\Program Files\Java\jdk1.8.0_76\jre\bin\zip.dll
0x00007ffbf5e50000 - 0x00007ffbf7359000 	C:\WINDOWS\System32\SHELL32.dll
0x00007ffbf4ed0000 - 0x00007ffbf55aa000 	C:\WINDOWS\System32\windows.storage.dll
0x00007ffbf5aa0000 - 0x00007ffbf5aec000 	C:\WINDOWS\System32\powrprof.dll
0x00007ffbf75d0000 - 0x00007ffbf7622000 	C:\WINDOWS\System32\shlwapi.dll
0x00007ffbf4be0000 - 0x00007ffbf4bef000 	C:\WINDOWS\System32\kernel.appcore.dll
0x00007ffbf5bf0000 - 0x00007ffbf5c99000 	C:\WINDOWS\System32\shcore.dll
0x00007ffbf4c00000 - 0x00007ffbf4c14000 	C:\WINDOWS\System32\profapi.dll

VM Arguments:
jvm_args: -Djava.awt.headless=true -Xmx1024M -Dfile.encoding=GBK -Duser.country=CN -Duser.language=zh -Duser.variant 
java_command: com.android.dx.command.Main --dex --num-threads=4 --output E:\code\mi\android\app\build\intermediates\pre-dexed\debug\internal_impl-23.4.0_e4fe5804c059c2d7ac98c3ccde8180003052c9ae.jar E:\code\mi\android\app\build\intermediates\exploded-aar\com.android.support\support-v4\23.4.0\jars\libs\internal_impl-23.4.0.jar
java_class_path (initial): D:\codeProgram\android-sdk\build-tools\23.0.1\lib\dx.jar
Launcher Type: SUN_STANDARD

Environment Variables:
JAVA_HOME=C:\Program Files\Java\jdk1.8.0_76
CLASSPATH=E:\code\mi\android\\gradle\wrapper\gradle-wrapper.jar
PATH=C:\ProgramData\Oracle\Java\javapath;C:\WINDOWS\system32;C:\WINDOWS;C:\WINDOWS\System32\Wbem;C:\WINDOWS\System32\WindowsPowerShell\v1.0\;C:\Program Files\Microsoft SQL Server\130\Tools\Binn\;C:\Program Files\nodejs\;E:\codeProgram\Git\cmd;C:\Program Files (x86)\Ruby23-x64\bin;C:\Users\lhh\AppData\Local\Microsoft\WindowsApps;C:\Program Files (x86)\Git\bin;C:\Program Files (x86)\Git\cmd;C:\Program Files\Java\jdk1.8.0_76\bin;C:\Program Files\Java\jdk1.8.0_76\jre\bin;D:\codeProgram\android-sdk\tools;D:\codeProgram\android-sdk\platform-tools;C:\Users\lhh\AppData\Roaming\npm;E:\codeProgram\Git\bin;D:\commonProgram\MongoDB\Server\3.4\bin;E:\codeProgram\Python
USERNAME=lhh
OS=Windows_NT
PROCESSOR_IDENTIFIER=Intel64 Family 6 Model 60 Stepping 3, GenuineIntel



---------------  S Y S T E M  ---------------

OS: Windows 10.0 , 64 bit Build 14393 (10.0.14393.0)

CPU:total 8 (4 cores per cpu, 2 threads per core) family 6 model 60 stepping 3, cmov, cx8, fxsr, mmx, sse, sse2, sse3, ssse3, sse4.1, sse4.2, popcnt, avx, avx2, aes, clmul, erms, lzcnt, ht, tsc, tscinvbit, bmi1, bmi2

Memory: 4k page, physical 16680048k(4538012k free), swap 18758988k(6912k free)

vm_info: Java HotSpot(TM) 64-Bit Server VM (25.76-b04) for windows-amd64 JRE (1.8.0_76-ea-b04), built on Jan 25 2016 19:43:30 by "java_re" with MS VC++ 10.0 (VS2010)

time: Wed Aug 30 16:32:01 2017
elapsed time: 3 seconds (0d 0h 0m 3s)

